<?xml version="1.0" encoding="UTF-8"?>
<testng-results ignored="0" total="1" passed="1" failed="0" skipped="0">
  <reporter-output>
  </reporter-output>
  <suite started-at="2018-03-20T11:48:23Z" name="Suite" finished-at="2018-03-20T11:49:04Z" duration-ms="40299">
    <groups>
    </groups>
    <test started-at="2018-03-20T11:48:23Z" name="Test" finished-at="2018-03-20T11:49:04Z" duration-ms="40299">
      <class name="MyPkg.MyTest">
        <test-method is-config="true" signature="beforeTest()[pri:0, instance:MyPkg.MyTest@2e1d27ba]" started-at="2018-03-20T11:48:23Z" name="beforeTest" finished-at="2018-03-20T11:48:55Z" duration-ms="31732" status="PASS">
          <reporter-output>
          </reporter-output>
        </test-method> <!-- beforeTest -->
        <test-method signature="lunch()[pri:0, instance:MyPkg.MyTest@2e1d27ba]" started-at="2018-03-20T11:48:55Z" name="lunch" finished-at="2018-03-20T11:49:02Z" duration-ms="7126" status="PASS">
          <reporter-output>
          </reporter-output>
        </test-method> <!-- lunch -->
        <test-method is-config="true" signature="afterClass()[pri:0, instance:MyPkg.MyTest@2e1d27ba]" started-at="2018-03-20T11:49:02Z" name="afterClass" finished-at="2018-03-20T11:49:04Z" duration-ms="1261" status="PASS">
          <reporter-output>
          </reporter-output>
        </test-method> <!-- afterClass -->
      </class> <!-- MyPkg.MyTest -->
    </test> <!-- Test -->
  </suite> <!-- Suite -->
</testng-results>
