<?xml version="1.0" encoding="UTF-8"?>
<!-- Generated by org.testng.reporters.JUnitXMLReporter -->
<testsuite ignored="0" hostname="YP1000555LT" failures="1" tests="1" name="Default test" time="0.222" errors="0" timestamp="20 Mar 2018 07:17:06 GMT">
  <testcase classname="MyPkg.MyTest" name="lunchChrome" time="0.05">
    <failure type="java.lang.Error" message="Unresolved compilation problems: 
	void[] is an invalid type
	Syntax error on token &amp;quot;lunch&amp;quot;, AnnotationName expected after this token
	Illegal modifier for parameter lunch; only final is permitted
	Syntax error, insert &amp;quot;[ ]&amp;quot; to complete Dimension
	Syntax error, insert &amp;quot;;&amp;quot; to complete LocalVariableDeclarationStatement
	void[] is an invalid type
	Syntax error on token &amp;quot;beforeTest&amp;quot;, AnnotationName expected after this token
	Illegal modifier for parameter beforeTest; only final is permitted
	Syntax error, insert &amp;quot;[ ]&amp;quot; to complete Dimension
	Syntax error, insert &amp;quot;;&amp;quot; to complete LocalVariableDeclarationStatement
	void[] is an invalid type
	Syntax error on token &amp;quot;afterClass&amp;quot;, AnnotationName expected after this token
	Illegal modifier for parameter afterClass; only final is permitted
	Syntax error, insert &amp;quot;[ ]&amp;quot; to complete Dimension
	Syntax error, insert &amp;quot;;&amp;quot; to complete LocalVariableDeclarationStatement
">
      <![CDATA[java.lang.Error: Unresolved compilation problems: 
void[] is an invalid type
Syntax error on token "lunch", AnnotationName expected after this token
Illegal modifier for parameter lunch; only final is permitted
Syntax error, insert "[ ]" to complete Dimension
Syntax error, insert ";" to complete LocalVariableDeclarationStatement
void[] is an invalid type
Syntax error on token "beforeTest", AnnotationName expected after this token
Illegal modifier for parameter beforeTest; only final is permitted
Syntax error, insert "[ ]" to complete Dimension
Syntax error, insert ";" to complete LocalVariableDeclarationStatement
void[] is an invalid type
Syntax error on token "afterClass", AnnotationName expected after this token
Illegal modifier for parameter afterClass; only final is permitted
Syntax error, insert "[ ]" to complete Dimension
Syntax error, insert ";" to complete LocalVariableDeclarationStatement

at MyPkg.MyTest.lunchChrome(MyTest.java:21)
at java.base/jdk.internal.reflect.NativeMethodAccessorImpl.invoke0(Native Method)
at java.base/jdk.internal.reflect.NativeMethodAccessorImpl.invoke(NativeMethodAccessorImpl.java:62)
at java.base/jdk.internal.reflect.DelegatingMethodAccessorImpl.invoke(DelegatingMethodAccessorImpl.java:43)
at java.base/java.lang.reflect.Method.invoke(Method.java:564)
at org.testng.internal.MethodInvocationHelper.invokeMethod(MethodInvocationHelper.java:124)
at org.testng.internal.Invoker.invokeMethod(Invoker.java:580)
at org.testng.internal.Invoker.invokeTestMethod(Invoker.java:716)
at org.testng.internal.Invoker.invokeTestMethods(Invoker.java:988)
at org.testng.internal.TestMethodWorker.invokeTestMethods(TestMethodWorker.java:125)
at org.testng.internal.TestMethodWorker.run(TestMethodWorker.java:109)
at org.testng.TestRunner.privateRun(TestRunner.java:648)
at org.testng.TestRunner.run(TestRunner.java:505)
at org.testng.SuiteRunner.runTest(SuiteRunner.java:455)
at org.testng.SuiteRunner.runSequentially(SuiteRunner.java:450)
at org.testng.SuiteRunner.privateRun(SuiteRunner.java:415)
at org.testng.SuiteRunner.run(SuiteRunner.java:364)
at org.testng.SuiteRunnerWorker.runSuite(SuiteRunnerWorker.java:52)
at org.testng.SuiteRunnerWorker.run(SuiteRunnerWorker.java:84)
at org.testng.TestNG.runSuitesSequentially(TestNG.java:1208)
at org.testng.TestNG.runSuitesLocally(TestNG.java:1137)
at org.testng.TestNG.runSuites(TestNG.java:1049)
at org.testng.TestNG.run(TestNG.java:1017)
at org.testng.remote.AbstractRemoteTestNG.run(AbstractRemoteTestNG.java:114)
at org.testng.remote.RemoteTestNG.initAndRun(RemoteTestNG.java:251)
at org.testng.remote.RemoteTestNG.main(RemoteTestNG.java:77)
]]>
    </failure>
  </testcase> <!-- lunchChrome -->
</testsuite> <!-- Default test -->
